Using pre-set license
Built from '2020.3/staging' branch; Version is '2020.3.26f1 (7298b473bc1a) revision 7510196'; Using compiler version '192528614'; Build Type 'Release'
OS: 'Windows 10  (10.0.19044) 64bit Education' Language: 'en' Physical Memory: 32450 MB
BatchMode: 1, IsHumanControllingUs: 0, StartBugReporterOnCrash: 0, Is64bit: 1, IsPro: 0

COMMAND LINE ARGUMENTS:
C:\Program Files\Unity\Hub\Editor\2020.3.26f1\Editor\Unity.exe
-adb2
-batchMode
-noUpm
-name
AssetImportWorker0
-projectPath
C:/Users/18235212/VR_FYP
-logFile
Logs/AssetImportWorker0.log
-srvPort
56713
Successfully changed project path to: C:/Users/18235212/VR_FYP
C:/Users/18235212/VR_FYP
Using Asset Import Pipeline V2.
Refreshing native plugins compatible for Editor in 88.98 ms, found 17 plugins.
Preloading 2 native plugins for Editor in 2.15 ms.
Initialize engine version: 2020.3.26f1 (7298b473bc1a)
[Subsystems] Discovering subsystems at path C:/Program Files/Unity/Hub/Editor/2020.3.26f1/Editor/Data/Resources/UnitySubsystems
[Subsystems] Discovering subsystems at path C:/Users/18235212/VR_FYP/Assets
GfxDevice: creating device client; threaded=0
Direct3D:
    Version:  Direct3D 11.0 [level 11.1]
    Renderer: NVIDIA Quadro RTX 4000 (ID=0x1eb1)
    Vendor:   
    VRAM:     8018 MB
    Driver:   30.0.14.7141
Initialize mono
Mono path[0] = 'C:/Program Files/Unity/Hub/Editor/2020.3.26f1/Editor/Data/Managed'
Mono path[1] = 'C:/Program Files/Unity/Hub/Editor/2020.3.26f1/Editor/Data/MonoBleedingEdge/lib/mono/unityjit'
Mono config path = 'C:/Program Files/Unity/Hub/Editor/2020.3.26f1/Editor/Data/MonoBleedingEdge/etc'
Using monoOptions --debugger-agent=transport=dt_socket,embedding=1,server=y,suspend=n,address=127.0.0.1:56884
Begin MonoManager ReloadAssembly
Registering precompiled unity dll's ...
Register platform support module: C:/Program Files/Unity/Hub/Editor/2020.3.26f1/Editor/Data/PlaybackEngines/WebGLSupport/UnityEditor.WebGL.Extensions.dll
Register platform support module: C:/Program Files/Unity/Hub/Editor/2020.3.26f1/Editor/Data/PlaybackEngines/WindowsStandaloneSupport/UnityEditor.WindowsStandalone.Extensions.dll
Registered in 0.001659 seconds.
Native extension for WindowsStandalone target not found
Native extension for WebGL target not found
Refreshing native plugins compatible for Editor in 82.45 ms, found 17 plugins.
Preloading 2 native plugins for Editor in 0.13 ms.
Mono: successfully reloaded assembly
- Completed reload, in  0.558 seconds
Domain Reload Profiling:
	ReloadAssembly (558ms)
		BeginReloadAssembly (45ms)
			ExecutionOrderSort (0ms)
			DisableScriptedObjects (0ms)
			BackupInstance (0ms)
			ReleaseScriptingObjects (0ms)
			CreateAndSetChildDomain (1ms)
		EndReloadAssembly (436ms)
			LoadAssemblies (43ms)
			RebuildTransferFunctionScriptingTraits (0ms)
			SetupTypeCache (146ms)
			ReleaseScriptCaches (0ms)
			RebuildScriptCaches (24ms)
			SetupLoadedEditorAssemblies (187ms)
				LogAssemblyErrors (0ms)
				InitializePlatformSupportModulesInManaged (5ms)
				SetLoadedEditorAssemblies (0ms)
				RefreshPlugins (83ms)
				BeforeProcessingInitializeOnLoad (7ms)
				ProcessInitializeOnLoadAttributes (71ms)
				ProcessInitializeOnLoadMethodAttributes (22ms)
				AfterProcessingInitializeOnLoad (0ms)
				EditorAssembliesLoaded (0ms)
			ExecutionOrderSort2 (0ms)
			AwakeInstancesAfterBackupRestoration (0ms)
Platform modules already initialized, skipping
Registering precompiled user dll's ...
Registered in 0.015665 seconds.
Begin MonoManager ReloadAssembly
Native extension for WindowsStandalone target not found
Native extension for WebGL target not found
Refreshing native plugins compatible for Editor in 69.41 ms, found 17 plugins.
Preloading 2 native plugins for Editor in 0.13 ms.
[XR] OculusXRPlugin: registering subsystems
[XR] Unable to register display lifecyle provider: [1]
[XR] Oculus Input lifecycle provider registered.
[XR] Unable to register input lifecyle provider: [1]
System.Reflection.TargetInvocationException: Exception has been thrown by the target of an invocation. ---> System.NullReferenceException: Object reference not set to an instance of an object
  at Unity.XR.Oculus.OculusLoader.AssetPathToAbsolutePath (System.String assetPath) [0x00048] in C:\Users\18235212\VR_FYP\Library\PackageCache\com.unity.xr.oculus@1.11.0\Runtime\OculusLoader.cs:250 
  at Unity.XR.Oculus.OculusLoader.EditorLoadOVRPlugin () [0x0007b] in C:\Users\18235212\VR_FYP\Library\PackageCache\com.unity.xr.oculus@1.11.0\Runtime\OculusLoader.cs:235 
  at (wrapper managed-to-native) System.Reflection.MonoMethod.InternalInvoke(System.Reflection.MonoMethod,object,object[],System.Exception&)
  at System.Reflection.MonoMethod.Invoke (System.Object obj, System.Reflection.BindingFlags invokeAttr, System.Reflection.Binder binder, System.Object[] parameters, System.Globalization.CultureInfo culture) [0x00032] in <695d1cc93cca45069c528c15c9fdd749>:0 
   --- End of inner exception stack trace ---
  at System.Reflection.MonoMethod.Invoke (System.Object obj, System.Reflection.BindingFlags invokeAttr, System.Reflection.Binder binder, System.Object[] parameters, System.Globalization.CultureInfo culture) [0x00048] in <695d1cc93cca45069c528c15c9fdd749>:0 
  at System.Reflection.MethodBase.Invoke (System.Object obj, System.Object[] parameters) [0x00000] in <695d1cc93cca45069c528c15c9fdd749>:0 
  at UnityEditor.EditorAssemblies.ProcessInitializeOnLoadMethodAttributes () [0x00047] in <55729f52d042492e9efc384182ae2feb>:0 
UnityEngine.StackTraceUtility:ExtractStackTrace ()
UnityEngine.DebugLogHandler:LogFormat (UnityEngine.LogType,UnityEngine.Object,string,object[])
UnityEngine.Logger:Log (UnityEngine.LogType,object)
UnityEngine.Debug:LogError (object)
UnityEditor.EditorAssemblies:ProcessInitializeOnLoadMethodAttributes ()

Mono: successfully reloaded assembly
- Completed reload, in  1.832 seconds
Domain Reload Profiling:
	ReloadAssembly (1833ms)
		BeginReloadAssembly (146ms)
			ExecutionOrderSort (0ms)
			DisableScriptedObjects (3ms)
			BackupInstance (0ms)
			ReleaseScriptingObjects (0ms)
			CreateAndSetChildDomain (30ms)
		EndReloadAssembly (1635ms)
			LoadAssemblies (115ms)
			RebuildTransferFunctionScriptingTraits (0ms)
			SetupTypeCache (331ms)
			ReleaseScriptCaches (1ms)
			RebuildScriptCaches (50ms)
			SetupLoadedEditorAssemblies (1029ms)
				LogAssemblyErrors (0ms)
				InitializePlatformSupportModulesInManaged (4ms)
				SetLoadedEditorAssemblies (0ms)
				RefreshPlugins (70ms)
				BeforeProcessingInitializeOnLoad (84ms)
				ProcessInitializeOnLoadAttributes (846ms)
				ProcessInitializeOnLoadMethodAttributes (21ms)
				AfterProcessingInitializeOnLoad (5ms)
				EditorAssembliesLoaded (0ms)
			ExecutionOrderSort2 (0ms)
			AwakeInstancesAfterBackupRestoration (5ms)
Platform modules already initialized, skipping
========================================================================
Worker process is ready to serve import requests
Launched and connected shader compiler UnityShaderCompiler.exe after 0.04 seconds
Refreshing native plugins compatible for Editor in 1.24 ms, found 17 plugins.
Preloading 2 native plugins for Editor in 0.15 ms.
Unloading 3575 Unused Serialized files (Serialized files now loaded: 0)
System memory in use before: 162.9 MB.
System memory in use after: 163.0 MB.

Unloading 58 unused Assets to reduce memory usage. Loaded Objects now: 3993.
Total: 4.408900 ms (FindLiveObjects: 0.351000 ms CreateObjectMapping: 0.289000 ms MarkObjects: 3.666200 ms  DeleteObjects: 0.101500 ms)

AssetImportParameters requested are different than current active one (requested -> active):
  custom:framework-win-MediaFoundation: 216162199b28c13a410421893ffa2e32 -> 
  custom:video-decoder-ogg-theora: a1e56fd34408186e4bbccfd4996cb3dc -> 
  custom:container-muxer-webm: aa71ff27fc2769a1b78a27578f13a17b -> 
  custom:container-demuxer-webm: 4f35f7cbe854078d1ac9338744f61a02 -> 
  custom:container-demuxer-ogg: 62fdf1f143b41e24485cea50d1cbac27 -> 
  custom:video-encoder-webm-vp8: eb34c28f22e8b96e1ab97ce403110664 -> 
  custom:video-decoder-webm-vp8: 9c59270c3fd7afecdb556c50c9e8de78 -> 
  custom:audio-decoder-ogg-vorbis: bf7c407c2cedff20999df2af8eb42d56 -> 
  custom:audio-encoder-webm-vorbis: bf7c407c2cedff20999df2af8eb42d56 -> 
========================================================================
Received Import Request.
  path: Assets/Karting/Tutorials/5 Build and Publish/WT-OpenPublisher.png
  artifactKey: Guid(837030d6eaeb92b4aaba503b87f17491) Importer(815301076,1909f56bfc062723c751e8b465ee728b)
Start importing Assets/Karting/Tutorials/5 Build and Publish/WT-OpenPublisher.png using Guid(837030d6eaeb92b4aaba503b87f17491) Importer(815301076,1909f56bfc062723c751e8b465ee728b)  -> (artifact id: '0db892861a0e9421eafdd1bf32539390') in 0.174903 seconds 
  Import took 0.180684 seconds .

========================================================================
Received Import Request.
  Time since last request: 0.000271 seconds.
  path: Assets/Mod Assets/ModResources/UIImages/whiteCircle.png
  artifactKey: Guid(9a25f905d041b46a7837db8a10bb8581) Importer(815301076,1909f56bfc062723c751e8b465ee728b)
Start importing Assets/Mod Assets/ModResources/UIImages/whiteCircle.png using Guid(9a25f905d041b46a7837db8a10bb8581) Importer(815301076,1909f56bfc062723c751e8b465ee728b)  -> (artifact id: '08f443f056b2669125efc8899040dec6') in 0.029887 seconds 
  Import took 0.036406 seconds .

========================================================================
Received Import Request.
  Time since last request: 0.000228 seconds.
  path: Assets/EffectExamples/Shared/Sprites/UnityLogoSprite.tif
  artifactKey: Guid(cafbb0229cd09a44a929ded63df426cb) Importer(815301076,1909f56bfc062723c751e8b465ee728b)
Start importing Assets/EffectExamples/Shared/Sprites/UnityLogoSprite.tif using Guid(cafbb0229cd09a44a929ded63df426cb) Importer(815301076,1909f56bfc062723c751e8b465ee728b)  -> (artifact id: 'a4d9815c2812e9a68ead6e6e92d97a25') in 0.015272 seconds 
  Import took 0.022247 seconds .

========================================================================
Received Import Request.
  Time since last request: 193.252441 seconds.
  path: Assets/XR/Settings/Windows MR Package Settings.asset
  artifactKey: Guid(dc5a169419fa04987b057f65238cf3ba) Importer(815301076,1909f56bfc062723c751e8b465ee728b)
Start importing Assets/XR/Settings/Windows MR Package Settings.asset using Guid(dc5a169419fa04987b057f65238cf3ba) Importer(815301076,1909f56bfc062723c751e8b465ee728b)  -> (artifact id: '90c8c4c3ed557e4dde65048e1f5d7302') in 0.006741 seconds 
  Import took 0.014044 seconds .

========================================================================
Received Import Request.
  Time since last request: 0.000231 seconds.
  path: Assets/ExampleAssets/Tutorial/Images/1-welcome-screen-image.png
  artifactKey: Guid(11e34d76fce7843be984510eca5c9139) Importer(815301076,1909f56bfc062723c751e8b465ee728b)
Start importing Assets/ExampleAssets/Tutorial/Images/1-welcome-screen-image.png using Guid(11e34d76fce7843be984510eca5c9139) Importer(815301076,1909f56bfc062723c751e8b465ee728b)  -> (artifact id: '96b8fdee05851b32faf5cc9b93a19c10') in 0.011019 seconds 
  Import took 0.018634 seconds .

========================================================================
Received Import Request.
  Time since last request: 0.000258 seconds.
  path: Assets/Karting/Tutorials/2 Editor UI/2 Editor UI.asset
  artifactKey: Guid(ef019b20e49b14cfca4e98ecf5fd345d) Importer(815301076,1909f56bfc062723c751e8b465ee728b)
Start importing Assets/Karting/Tutorials/2 Editor UI/2 Editor UI.asset using Guid(ef019b20e49b14cfca4e98ecf5fd345d) Importer(815301076,1909f56bfc062723c751e8b465ee728b)  -> (artifact id: 'a246dd2451cdca929300c934a93919ee') in 0.193999 seconds 
  Import took 0.202095 seconds .

========================================================================
Received Import Request.
  Time since last request: 0.000592 seconds.
  path: Assets/Karting/Tutorials/1 Get started/1 Get Started.asset
  artifactKey: Guid(92d21b44a68004daebe1f6c4e03b487a) Importer(815301076,1909f56bfc062723c751e8b465ee728b)
Start importing Assets/Karting/Tutorials/1 Get started/1 Get Started.asset using Guid(92d21b44a68004daebe1f6c4e03b487a) Importer(815301076,1909f56bfc062723c751e8b465ee728b)  -> (artifact id: 'bcd33b8fc8e0f0b92d4feafb60aede01') in 0.175789 seconds 
  Import took 0.183006 seconds .

========================================================================
Received Import Request.
  Time since last request: 0.000502 seconds.
  path: Assets/Karting/Tutorials/3 Edit Colors/3 Edit Colors.asset
  artifactKey: Guid(83255933b1f9a13428ca582620d979c8) Importer(815301076,1909f56bfc062723c751e8b465ee728b)
Start importing Assets/Karting/Tutorials/3 Edit Colors/3 Edit Colors.asset using Guid(83255933b1f9a13428ca582620d979c8) Importer(815301076,1909f56bfc062723c751e8b465ee728b)  -> (artifact id: '29b882dcbfaa7828c016acbd4adcadcd') in 0.126453 seconds 
  Import took 0.132841 seconds .

========================================================================
Received Import Request.
  Time since last request: 587.677917 seconds.
  path: Assets/EffectExamples/Shared/Fonts/Roboto-Thin.ttf
  artifactKey: Guid(cd25d80d03a864fdd90534b28f15208a) Importer(815301076,1909f56bfc062723c751e8b465ee728b)
Start importing Assets/EffectExamples/Shared/Fonts/Roboto-Thin.ttf using Guid(cd25d80d03a864fdd90534b28f15208a) Importer(815301076,1909f56bfc062723c751e8b465ee728b)  -> (artifact id: '5eced93bdbc71ebf928c7d013b4805c5') in 0.103577 seconds 
  Import took 0.121430 seconds .

========================================================================
Received Import Request.
  Time since last request: 0.000256 seconds.
  path: Assets/EffectExamples/Shared/Fonts/RobotoCondensed-Bold.ttf
  artifactKey: Guid(fae067962e5934395be31c8aba4a3455) Importer(815301076,1909f56bfc062723c751e8b465ee728b)
Start importing Assets/EffectExamples/Shared/Fonts/RobotoCondensed-Bold.ttf using Guid(fae067962e5934395be31c8aba4a3455) Importer(815301076,1909f56bfc062723c751e8b465ee728b)  -> (artifact id: '287558f2ff911071c5e938fcc91d3fc7') in 0.026314 seconds 
  Import took 0.032275 seconds .

AssetImportWorkerClient::OnTransportError - code=2 error=End of file
